app/build/outputs/logs/manifest-merger-debug-report.txt
-- Merging decision tree log ---
manifest
ADDED from src/main/AndroidManifest.xml:8:1-54:12
INJECTED from src/main/AndroidManifest.xml:8:1-54:12
INJECTED from src/main/AndroidManifest.xml:8:1-54:12
INJECTED from src/main/AndroidManifest.xml:8:1-54:12
MERGED from [:app2] AndroidManifest.xml:8:1-23:12
INJECTED from src/main/AndroidManifest.xml:8:1-54:12
INJECTED from src/main/AndroidManifest.xml:8:1-54:12
INJECTED from src/main/AndroidManifest.xml:8:1-54:12
	package
		ADDED from src/main/AndroidManifest.xml:9:5-40
		INJECTED from src/main/AndroidManifest.xml
		INJECTED from src/main/AndroidManifest.xml
	android:versionName
		ADDED from src/main/AndroidManifest.xml:11:5-30
		INJECTED from src/main/AndroidManifest.xml
		INJECTED from src/main/AndroidManifest.xml
	xmlns:android
		ADDED from src/main/AndroidManifest.xml:8:11-69
	android:versionCode
		ADDED from src/main/AndroidManifest.xml:10:5-28
		INJECTED from src/main/AndroidManifest.xml
		INJECTED from src/main/AndroidManifest.xml
uses-sdk
ADDED from src/main/AndroidManifest.xml:13:5-15:40
INJECTED from src/main/AndroidManifest.xml:13:5-15:40
INJECTED from src/main/AndroidManifest.xml:13:5-15:40
MERGED from [:app2] AndroidManifest.xml:11:5-13:41
MERGED from [:app2] AndroidManifest.xml:11:5-13:41
INJECTED from src/main/AndroidManifest.xml:13:5-15:40
INJECTED from src/main/AndroidManifest.xml:13:5-15:40
	android:targetSdkVersion
		ADDED from src/main/AndroidManifest.xml:15:9-37
		INJECTED from src/main/AndroidManifest.xml
		INJECTED from src/main/AndroidManifest.xml
	android:minSdkVersion
		ADDED from src/main/AndroidManifest.xml:14:9-34
		INJECTED from src/main/AndroidManifest.xml
		INJECTED from src/main/AndroidManifest.xml
uses-permission#android.permission.WRITE_EXTERNAL_STORAGE
ADDED from src/main/AndroidManifest.xml:16:5-97
MERGED from [:app2] AndroidManifest.xml:15:5-81
MERGED from [:app2] AndroidManifest.xml:15:5-81
	android:name
		ADDED from src/main/AndroidManifest.xml:16:22-78
uses-permission#android.permission.READ_EXTERNAL_STORAGE
ADDED from src/main/AndroidManifest.xml:17:5-96
MERGED from [:app2] AndroidManifest.xml:16:5-80
MERGED from [:app2] AndroidManifest.xml:16:5-80
	android:name
		ADDED from src/main/AndroidManifest.xml:17:22-77
application
ADDED from src/main/AndroidManifest.xml:18:5-52:19
MERGED from [:app2] AndroidManifest.xml:18:5-21:19
MERGED from [:app2] AndroidManifest.xml:18:5-21:19
	android:label
		ADDED from src/main/AndroidManifest.xml:21:9-41
	android:icon
		ADDED from src/main/AndroidManifest.xml:20:9-42
	android:allowBackup
		ADDED from src/main/AndroidManifest.xml:19:9-35
	android:theme
		ADDED from src/main/AndroidManifest.xml:22:9-40
activity#com.przyjaznyplanDisplayer.PlanActivityView
ADDED from src/main/AndroidManifest.xml:23:9-29:17
	android:screenOrientation
		ADDED from src/main/AndroidManifest.xml:23:19-56
	android:label
		ADDED from src/main/AndroidManifest.xml:24:15-47
	android:configChanges
		ADDED from src/main/AndroidManifest.xml:23:57-107
	android:name
		ADDED from src/main/AndroidManifest.xml:23:108-166
intent-filter#action:name:android.intent.action.MAIN+category:name:android.intent.category.LAUNCHER
ADDED from src/main/AndroidManifest.xml:25:9-28:25
category#android.intent.category.LAUNCHER
ADDED from src/main/AndroidManifest.xml:26:13-73
	android:name
		ADDED from src/main/AndroidManifest.xml:26:23-70
action#android.intent.action.MAIN
ADDED from src/main/AndroidManifest.xml:27:13-65
	android:name
		ADDED from src/main/AndroidManifest.xml:27:21-62
activity#com.przyjaznyplanDisplayer.ActivityView
ADDED from src/main/AndroidManifest.xml:31:6-32:17
	android:screenOrientation
		ADDED from src/main/AndroidManifest.xml:31:16-53
	android:configChanges
		ADDED from src/main/AndroidManifest.xml:31:54-104
	android:name
		ADDED from src/main/AndroidManifest.xml:31:105-159
activity#com.przyjaznyplanDisplayer.ActivityGalleryView
ADDED from src/main/AndroidManifest.xml:34:9-35:20
	android:screenOrientation
		ADDED from src/main/AndroidManifest.xml:34:20-57
	android:configChanges
		ADDED from src/main/AndroidManifest.xml:34:58-108
	android:name
		ADDED from src/main/AndroidManifest.xml:34:109-170
activity#com.przyjaznyplanDisplayer.BreakTimeView
ADDED from src/main/AndroidManifest.xml:37:6-172
	android:screenOrientation
		ADDED from src/main/AndroidManifest.xml:37:16-53
	android:configChanges
		ADDED from src/main/AndroidManifest.xml:37:54-104
	android:name
		ADDED from src/main/AndroidManifest.xml:37:105-160
activity#com.przyjaznyplanDisplayer.AdvancedActivityView
ADDED from src/main/AndroidManifest.xml:39:9-182
	android:screenOrientation
		ADDED from src/main/AndroidManifest.xml:39:19-56
	android:configChanges
		ADDED from src/main/AndroidManifest.xml:39:57-107
	android:name
		ADDED from src/main/AndroidManifest.xml:39:108-170
activity#com.przyjaznyplanDisplayer.BasicActivityView
ADDED from src/main/AndroidManifest.xml:41:9-179
	android:screenOrientation
		ADDED from src/main/AndroidManifest.xml:41:19-56
	android:configChanges
		ADDED from src/main/AndroidManifest.xml:41:57-107
	android:name
		ADDED from src/main/AndroidManifest.xml:41:108-167
activity#com.przyjaznyplanDisplayer.FinalView
ADDED from src/main/AndroidManifest.xml:43:9-171
	android:screenOrientation
		ADDED from src/main/AndroidManifest.xml:43:19-56
	android:configChanges
		ADDED from src/main/AndroidManifest.xml:43:57-107
	android:name
		ADDED from src/main/AndroidManifest.xml:43:108-159
provider#com.przyjaznyplanDisplayer.ContentProvider.DbContentProvider
ADDED from src/main/AndroidManifest.xml:45:9-49:20
	android:authorities
		ADDED from src/main/AndroidManifest.xml:46:13-76
	android:multiprocess
		ADDED from src/main/AndroidManifest.xml:48:13-40
	android:name
		ADDED from src/main/AndroidManifest.xml:47:13-88